2025-04-02 23:18:53,001 - INFO - Camera with index 0 initialized successfully
2025-04-02 23:19:37,483 - INFO - Camera resources have been released
2025-04-02 23:19:37,510 - INFO - Window closed
2025-04-02 23:19:37,511 - INFO - All resources have been released
2025-04-02 23:20:51,747 - INFO - Camera with index 0 initialized successfully
2025-04-02 23:21:57,394 - INFO - Camera resources have been released
2025-04-02 23:21:57,412 - INFO - Window closed
2025-04-02 23:21:57,413 - INFO - All resources have been released
2025-04-03 00:43:44,131 - INFO - Camera with index 0 initialized successfully
2025-04-03 00:44:01,382 - INFO - Camera resources have been released
2025-04-03 00:44:01,418 - INFO - Window closed
2025-04-03 00:44:01,418 - INFO - All resources have been released
2025-04-03 00:44:20,080 - INFO - Camera with index 0 initialized successfully
2025-04-03 00:44:39,887 - INFO - Camera resources have been released
2025-04-03 00:44:39,914 - INFO - Window closed
2025-04-03 00:44:39,914 - INFO - All resources have been released
2025-04-03 00:44:50,692 - INFO - Camera with index 0 initialized successfully
2025-04-03 00:45:01,974 - INFO - Camera resources have been released
2025-04-03 00:45:02,001 - INFO - Window closed
2025-04-03 00:45:02,002 - INFO - All resources have been released
2025-04-03 00:45:16,209 - INFO - Camera with index 0 initialized successfully
2025-04-03 00:45:26,483 - INFO - Camera resources have been released
2025-04-03 00:45:26,515 - INFO - Window closed
2025-04-03 00:45:26,516 - INFO - All resources have been released
2025-04-03 00:45:35,147 - INFO - Camera with index 0 initialized successfully
2025-04-03 00:45:42,525 - INFO - Camera resources have been released
2025-04-03 00:45:42,563 - INFO - Window closed
2025-04-03 00:45:42,563 - INFO - All resources have been released
2025-04-03 16:04:12,169 - ERROR - Initialization error: Cannot open camera 1
2025-04-03 16:04:25,717 - INFO - Camera with index 0 initialized successfully
2025-04-03 16:05:21,203 - INFO - Camera resources have been released
2025-04-03 16:05:21,249 - INFO - Window closed
2025-04-03 16:05:21,249 - INFO - All resources have been released
2025-04-03 16:06:54,611 - INFO - Camera with index 0 initialized successfully
2025-04-03 16:08:08,707 - INFO - Camera resources have been released
2025-04-03 16:08:08,742 - INFO - Window closed
2025-04-03 16:08:08,743 - INFO - All resources have been released
2025-04-03 16:30:22,579 - INFO - Camera with index 0 initialized successfully
2025-04-03 16:31:39,012 - INFO - Camera resources have been released
2025-04-03 16:31:39,036 - INFO - Window closed
2025-04-03 16:31:39,037 - INFO - All resources have been released
2025-04-03 16:32:53,169 - INFO - Camera with index 0 initialized successfully
2025-04-03 16:36:25,757 - INFO - Camera resources have been released
2025-04-03 16:36:25,771 - INFO - Window closed
2025-04-03 16:36:25,771 - INFO - All resources have been released
2025-04-03 16:38:58,267 - INFO - Camera with index 0 initialized successfully
2025-04-03 16:39:18,613 - INFO - Camera resources have been released
2025-04-03 16:39:18,634 - INFO - Window closed
2025-04-03 16:39:18,640 - INFO - All resources have been released
